2025-07-06 18:52:19.971 | INFO     | __main__:<module>:37 - Logger loaded.
2025-07-06 18:52:19.971 | INFO     | __main__:main:197 - #####################################
2025-07-06 18:52:19.971 | INFO     | __main__:main:198 - # Starting execution of main()
2025-07-06 18:52:19.971 | INFO     | __main__:main:199 - #####################################

2025-07-06 18:55:03.148 | INFO     | __main__:<module>:37 - Logger loaded.
2025-07-06 18:55:03.149 | INFO     | __main__:main:197 - #####################################
2025-07-06 18:55:03.149 | INFO     | __main__:main:198 - # Starting execution of main()
2025-07-06 18:55:03.149 | INFO     | __main__:main:199 - #####################################

2025-07-06 18:55:03.149 | INFO     | __main__:main:202 - Byline: 
--------------------------------------------------------------
Mr Tran's Stellar Analytics: Delivering Professional Insights
--------------------------------------------------------------
Has International Clients:  True
Years in Operation:         1
Skills Offered:             ['Data Engineering', 'BI Dashboards', 'Data Storytelling']
Client Satisfaction Scores: [1.9, 1.7, 1.8, 1.0, 1.6]
Minimum Satisfaction Score: 1.0
Maximum Satisfaction Score: 1.9
Mean Satisfaction Score: 1.60
Standard Deviation of Satisfaction Scores: 0.35

2025-07-06 18:55:03.149 | INFO     | __main__:create_folders_for_range:73 - FUNCTION: create_folders_for_range()
2025-07-06 18:55:03.149 | INFO     | __main__:create_folders_for_range:74 - PARAMETERS: start_year = 2020, end_year = 2023
2025-07-06 18:55:03.149 | INFO     | __main__:create_folders_from_list:105 - FUNCTION: create_folders_from_list()
2025-07-06 18:55:03.149 | INFO     | __main__:create_folders_from_list:106 - PARAMETER: folder_list = ['data-csv', 'data-excel', 'data-json']
2025-07-06 18:55:03.149 | INFO     | __main__:create_prefixed_folders_using_list_comprehension:134 - FUNCTION: create_prefixed_folders()
2025-07-06 18:55:03.149 | INFO     | __main__:create_prefixed_folders_using_list_comprehension:135 - PARAMETERS: folder_list = ['csv', 'excel', 'json'], prefix = output-
2025-07-06 18:55:03.149 | INFO     | __main__:create_folders_periodically:157 - FUNCTION: create_folders_periodically()
2025-07-06 18:55:03.149 | INFO     | __main__:create_folders_periodically:158 - PARAMETER: duration_seconds = 5
2025-07-06 18:55:03.150 | INFO     | __main__:create_standardized_folders:185 - FUNCTION: create_standardized_folders()
2025-07-06 18:55:03.150 | INFO     | __main__:create_standardized_folders:186 - PARAMETERS: folder_list = ['North America', 'South America', 'Europe', 'Asia', 'Africa', 'Oceania', 'Middle East'], to_lowercase = True, remove_spaces = True
2025-07-06 18:55:03.150 | INFO     | __main__:main:223 - 
#####################################
2025-07-06 18:55:03.150 | INFO     | __main__:main:224 - # Completed execution of main()
2025-07-06 18:55:03.150 | INFO     | __main__:main:225 - #####################################
2025-07-06 18:55:14.202 | INFO     | __main__:<module>:37 - Logger loaded.
2025-07-06 18:55:14.203 | INFO     | __main__:main:197 - #####################################
2025-07-06 18:55:14.203 | INFO     | __main__:main:198 - # Starting execution of main()
2025-07-06 18:55:14.203 | INFO     | __main__:main:199 - #####################################

2025-07-06 18:55:14.203 | INFO     | __main__:main:202 - Byline: 
--------------------------------------------------------------
Mr Tran's Stellar Analytics: Delivering Professional Insights
--------------------------------------------------------------
Has International Clients:  True
Years in Operation:         1
Skills Offered:             ['Data Engineering', 'BI Dashboards', 'Data Storytelling']
Client Satisfaction Scores: [1.9, 1.7, 1.8, 1.0, 1.6]
Minimum Satisfaction Score: 1.0
Maximum Satisfaction Score: 1.9
Mean Satisfaction Score: 1.60
Standard Deviation of Satisfaction Scores: 0.35

2025-07-06 18:55:14.203 | INFO     | __main__:create_folders_for_range:73 - FUNCTION: create_folders_for_range()
2025-07-06 18:55:14.203 | INFO     | __main__:create_folders_for_range:74 - PARAMETERS: start_year = 2020, end_year = 2023
2025-07-06 18:55:14.203 | INFO     | __main__:create_folders_from_list:105 - FUNCTION: create_folders_from_list()
2025-07-06 18:55:14.203 | INFO     | __main__:create_folders_from_list:106 - PARAMETER: folder_list = ['data-csv', 'data-excel', 'data-json']
2025-07-06 18:55:14.203 | INFO     | __main__:create_prefixed_folders_using_list_comprehension:134 - FUNCTION: create_prefixed_folders()
2025-07-06 18:55:14.203 | INFO     | __main__:create_prefixed_folders_using_list_comprehension:135 - PARAMETERS: folder_list = ['csv', 'excel', 'json'], prefix = output-
2025-07-06 18:55:14.203 | INFO     | __main__:create_folders_periodically:157 - FUNCTION: create_folders_periodically()
2025-07-06 18:55:14.203 | INFO     | __main__:create_folders_periodically:158 - PARAMETER: duration_seconds = 5
2025-07-06 18:55:14.204 | INFO     | __main__:create_standardized_folders:185 - FUNCTION: create_standardized_folders()
2025-07-06 18:55:14.204 | INFO     | __main__:create_standardized_folders:186 - PARAMETERS: folder_list = ['North America', 'South America', 'Europe', 'Asia', 'Africa', 'Oceania', 'Middle East'], to_lowercase = True, remove_spaces = True
2025-07-06 18:55:14.204 | INFO     | __main__:main:223 - 
#####################################
2025-07-06 18:55:14.204 | INFO     | __main__:main:224 - # Completed execution of main()
2025-07-06 18:55:14.204 | INFO     | __main__:main:225 - #####################################
2025-07-06 19:00:19.227 | INFO     | __main__:<module>:37 - Logger loaded.
2025-07-06 19:00:19.227 | INFO     | __main__:main:197 - #####################################
2025-07-06 19:00:19.227 | INFO     | __main__:main:198 - # Starting execution of main()
2025-07-06 19:00:19.227 | INFO     | __main__:main:199 - #####################################

2025-07-06 19:00:19.227 | INFO     | __main__:main:201 - Byline: 
--------------------------------------------------------------
Mr Tran's Stellar Analytics: Delivering Professional Insights
--------------------------------------------------------------
Has International Clients:  True
Years in Operation:         1
Skills Offered:             ['Data Engineering', 'BI Dashboards', 'Data Storytelling']
Client Satisfaction Scores: [1.9, 1.7, 1.8, 1.0, 1.6]
Minimum Satisfaction Score: 1.0
Maximum Satisfaction Score: 1.9
Mean Satisfaction Score: 1.60
Standard Deviation of Satisfaction Scores: 0.35

2025-07-06 19:00:19.227 | INFO     | __main__:create_folders_for_range:73 - FUNCTION: create_folders_for_range()
2025-07-06 19:00:19.227 | INFO     | __main__:create_folders_for_range:74 - PARAMETERS: start_year = 2020, end_year = 2023
2025-07-06 19:00:19.227 | INFO     | __main__:create_folders_from_list:105 - FUNCTION: create_folders_from_list()
2025-07-06 19:00:19.227 | INFO     | __main__:create_folders_from_list:106 - PARAMETER: folder_list = ['data-csv', 'data-excel', 'data-json']
2025-07-06 19:00:19.227 | INFO     | __main__:create_prefixed_folders_using_list_comprehension:134 - FUNCTION: create_prefixed_folders()
2025-07-06 19:00:19.227 | INFO     | __main__:create_prefixed_folders_using_list_comprehension:135 - PARAMETERS: folder_list = ['csv', 'excel', 'json'], prefix = output-
2025-07-06 19:00:19.228 | INFO     | __main__:create_folders_periodically:157 - FUNCTION: create_folders_periodically()
2025-07-06 19:00:19.228 | INFO     | __main__:create_folders_periodically:158 - PARAMETER: duration_seconds = 5
2025-07-06 19:00:19.228 | INFO     | __main__:create_standardized_folders:185 - FUNCTION: create_standardized_folders()
2025-07-06 19:00:19.228 | INFO     | __main__:create_standardized_folders:186 - PARAMETERS: folder_list = ['North America', 'South America', 'Europe', 'Asia', 'Africa', 'Oceania', 'Middle East'], to_lowercase = True, remove_spaces = True
2025-07-06 19:00:19.228 | INFO     | __main__:main:222 - 
#####################################
2025-07-06 19:00:19.228 | INFO     | __main__:main:223 - # Completed execution of main()
2025-07-06 19:00:19.228 | INFO     | __main__:main:224 - #####################################
2025-07-06 19:02:47.726 | INFO     | __main__:<module>:37 - Logger loaded.
2025-07-06 19:02:47.727 | INFO     | __main__:main:197 - #####################################
2025-07-06 19:02:47.727 | INFO     | __main__:main:198 - # Starting execution of main()
2025-07-06 19:02:47.727 | INFO     | __main__:main:199 - #####################################

2025-07-06 19:02:47.727 | INFO     | __main__:main:201 - Byline: 
--------------------------------------------------------------
Mr Tran's Stellar Analytics: Delivering Professional Insights
--------------------------------------------------------------
Has International Clients:  True
Years in Operation:         1
Skills Offered:             ['Data Engineering', 'BI Dashboards', 'Data Storytelling']
Client Satisfaction Scores: [1.9, 1.7, 1.8, 1.0, 1.6]
Minimum Satisfaction Score: 1.0
Maximum Satisfaction Score: 1.9
Mean Satisfaction Score: 1.60
Standard Deviation of Satisfaction Scores: 0.35

2025-07-06 19:02:47.727 | INFO     | __main__:create_folders_for_range:73 - FUNCTION: create_folders_for_range()
2025-07-06 19:02:47.727 | INFO     | __main__:create_folders_for_range:74 - PARAMETERS: start_year = 2020, end_year = 2023
2025-07-06 19:02:47.727 | INFO     | __main__:create_folders_from_list:105 - FUNCTION: create_folders_from_list()
2025-07-06 19:02:47.727 | INFO     | __main__:create_folders_from_list:106 - PARAMETER: folder_list = ['data-csv', 'data-excel', 'data-json']
2025-07-06 19:02:47.727 | INFO     | __main__:create_prefixed_folders_using_list_comprehension:134 - FUNCTION: create_prefixed_folders()
2025-07-06 19:02:47.727 | INFO     | __main__:create_prefixed_folders_using_list_comprehension:135 - PARAMETERS: folder_list = ['csv', 'excel', 'json'], prefix = output-
2025-07-06 19:02:47.727 | INFO     | __main__:main:224 - 
#####################################
2025-07-06 19:02:47.727 | INFO     | __main__:main:225 - # Completed execution of main()
2025-07-06 19:02:47.727 | INFO     | __main__:main:226 - #####################################
2025-07-06 19:03:15.931 | INFO     | __main__:<module>:37 - Logger loaded.
2025-07-06 19:03:15.931 | INFO     | __main__:main:197 - #####################################
2025-07-06 19:03:15.932 | INFO     | __main__:main:198 - # Starting execution of main()
2025-07-06 19:03:15.932 | INFO     | __main__:main:199 - #####################################

2025-07-06 19:03:15.932 | INFO     | __main__:main:201 - Byline: 
--------------------------------------------------------------
Mr Tran's Stellar Analytics: Delivering Professional Insights
--------------------------------------------------------------
Has International Clients:  True
Years in Operation:         1
Skills Offered:             ['Data Engineering', 'BI Dashboards', 'Data Storytelling']
Client Satisfaction Scores: [1.9, 1.7, 1.8, 1.0, 1.6]
Minimum Satisfaction Score: 1.0
Maximum Satisfaction Score: 1.9
Mean Satisfaction Score: 1.60
Standard Deviation of Satisfaction Scores: 0.35

2025-07-06 19:03:15.932 | INFO     | __main__:create_folders_for_range:73 - FUNCTION: create_folders_for_range()
2025-07-06 19:03:15.932 | INFO     | __main__:create_folders_for_range:74 - PARAMETERS: start_year = 2020, end_year = 2023
2025-07-06 19:03:15.932 | INFO     | __main__:create_folders_from_list:105 - FUNCTION: create_folders_from_list()
2025-07-06 19:03:15.932 | INFO     | __main__:create_folders_from_list:106 - PARAMETER: folder_list = ['data-csv', 'data-excel', 'data-json']
2025-07-06 19:03:15.932 | INFO     | __main__:main:225 - 
#####################################
2025-07-06 19:03:15.932 | INFO     | __main__:main:226 - # Completed execution of main()
2025-07-06 19:03:15.932 | INFO     | __main__:main:227 - #####################################
2025-07-06 19:03:53.918 | INFO     | __main__:<module>:37 - Logger loaded.
2025-07-06 19:03:53.918 | INFO     | __main__:main:197 - #####################################
2025-07-06 19:03:53.918 | INFO     | __main__:main:198 - # Starting execution of main()
2025-07-06 19:03:53.918 | INFO     | __main__:main:199 - #####################################

2025-07-06 19:03:53.918 | INFO     | __main__:main:201 - Byline: 
--------------------------------------------------------------
Mr Tran's Stellar Analytics: Delivering Professional Insights
--------------------------------------------------------------
Has International Clients:  True
Years in Operation:         1
Skills Offered:             ['Data Engineering', 'BI Dashboards', 'Data Storytelling']
Client Satisfaction Scores: [1.9, 1.7, 1.8, 1.0, 1.6]
Minimum Satisfaction Score: 1.0
Maximum Satisfaction Score: 1.9
Mean Satisfaction Score: 1.60
Standard Deviation of Satisfaction Scores: 0.35

2025-07-06 19:03:53.918 | INFO     | __main__:create_folders_for_range:73 - FUNCTION: create_folders_for_range()
2025-07-06 19:03:53.918 | INFO     | __main__:create_folders_for_range:74 - PARAMETERS: start_year = 2020, end_year = 2023
2025-07-06 19:03:53.918 | INFO     | __main__:main:226 - 
#####################################
2025-07-06 19:03:53.918 | INFO     | __main__:main:227 - # Completed execution of main()
2025-07-06 19:03:53.918 | INFO     | __main__:main:228 - #####################################
